\BOOKMARK [0][-]{chapter.1}{1 Introduction}{}% 1
\BOOKMARK [1][-]{section.1.1}{1.1 Motivation}{chapter.1}% 2
\BOOKMARK [1][-]{section.1.2}{1.2 Objectives}{chapter.1}% 3
\BOOKMARK [1][-]{section.1.3}{1.3 Contributions}{chapter.1}% 4
\BOOKMARK [0][-]{chapter.2}{2 Background}{}% 5
\BOOKMARK [1][-]{section.2.1}{2.1 Natural Language Pre-Processing Techniques}{chapter.2}% 6
\BOOKMARK [2][-]{subsection.2.1.1}{2.1.1 Tokenisation}{section.2.1}% 7
\BOOKMARK [2][-]{subsection.2.1.2}{2.1.2 Part of Speech \(PoS\) tagging}{section.2.1}% 8
\BOOKMARK [2][-]{subsection.2.1.3}{2.1.3 Normalisation}{section.2.1}% 9
\BOOKMARK [2][-]{subsection.2.1.4}{2.1.4 Chunking}{section.2.1}% 10
\BOOKMARK [1][-]{section.2.2}{2.2 Dependency Parsing}{chapter.2}% 11
\BOOKMARK [1][-]{section.2.3}{2.3 Coreference Resolution}{chapter.2}% 12
\BOOKMARK [2][-]{subsection.2.3.1}{2.3.1 Span detection}{section.2.3}% 13
\BOOKMARK [2][-]{subsection.2.3.2}{2.3.2 Coreference Architecture}{section.2.3}% 14
\BOOKMARK [1][-]{section.2.4}{2.4 Word Representation}{chapter.2}% 15
\BOOKMARK [2][-]{subsection.2.4.1}{2.4.1 Types of embeddings}{section.2.4}% 16
\BOOKMARK [2][-]{subsection.2.4.2}{2.4.2 Embeddings from Language Models \(ELMo\)}{section.2.4}% 17
\BOOKMARK [1][-]{section.2.5}{2.5 Named Entity Extraction}{chapter.2}% 18
\BOOKMARK [2][-]{subsection.2.5.1}{2.5.1 Named Entity Recognition \(NER\)}{section.2.5}% 19
\BOOKMARK [2][-]{subsection.2.5.2}{2.5.2 Named Entity Disambiguation \(NED\)}{section.2.5}% 20
\BOOKMARK [1][-]{section.2.6}{2.6 Topic Modelling}{chapter.2}% 21
\BOOKMARK [2][-]{subsection.2.6.1}{2.6.1 Main Approaches}{section.2.6}% 22
\BOOKMARK [2][-]{subsection.2.6.2}{2.6.2 Considerations for Topic Modelling}{section.2.6}% 23
\BOOKMARK [1][-]{section.2.7}{2.7 Sentiment Analysis}{chapter.2}% 24
\BOOKMARK [2][-]{subsection.2.7.1}{2.7.1 Sentiment Analysis Approaches}{section.2.7}% 25
\BOOKMARK [2][-]{subsection.2.7.2}{2.7.2 Considerations in scoring sentiment data}{section.2.7}% 26
\BOOKMARK [1][-]{section.2.8}{2.8 Visualising data}{chapter.2}% 27
\BOOKMARK [2][-]{subsection.2.8.1}{2.8.1 Data Preparation}{section.2.8}% 28
\BOOKMARK [2][-]{subsection.2.8.2}{2.8.2 Principals of Visualisation}{section.2.8}% 29
\BOOKMARK [0][-]{chapter.3}{3 Ethical Considerations}{}% 30
\BOOKMARK [0][-]{chapter.4}{4 Project Structure}{}% 31
\BOOKMARK [1][-]{section.4.1}{4.1 Preparing Data: DataLoader}{chapter.4}% 32
\BOOKMARK [1][-]{section.4.2}{4.2 System Design}{chapter.4}% 33
\BOOKMARK [1][-]{section.4.3}{4.3 Technologies used}{chapter.4}% 34
\BOOKMARK [2][-]{subsection.4.3.1}{4.3.1 Libraries}{section.4.3}% 35
\BOOKMARK [2][-]{subsection.4.3.2}{4.3.2 Models}{section.4.3}% 36
\BOOKMARK [2][-]{subsection.4.3.3}{4.3.3 Web deployment}{section.4.3}% 37
\BOOKMARK [0][-]{chapter.5}{5 Topic Extraction Engine}{}% 38
\BOOKMARK [1][-]{section.5.1}{5.1 Data Processing}{chapter.5}% 39
\BOOKMARK [2][-]{subsection.5.1.1}{5.1.1 Coreference Resolution}{section.5.1}% 40
\BOOKMARK [2][-]{subsection.5.1.2}{5.1.2 Cleaning Data}{section.5.1}% 41
\BOOKMARK [2][-]{subsection.5.1.3}{5.1.3 Removing Named Entities}{section.5.1}% 42
\BOOKMARK [2][-]{subsection.5.1.4}{5.1.4 Filtering Tokenised Data}{section.5.1}% 43
\BOOKMARK [1][-]{section.5.2}{5.2 Generating Document Vectors}{chapter.5}% 44
\BOOKMARK [2][-]{subsection.5.2.1}{5.2.1 Word embedding approaches}{section.5.2}% 45
\BOOKMARK [2][-]{subsection.5.2.2}{5.2.2 Document embeddings}{section.5.2}% 46
\BOOKMARK [1][-]{section.5.3}{5.3 Semantic Clustering}{chapter.5}% 47
\BOOKMARK [2][-]{subsection.5.3.1}{5.3.1 Dimensionality Reduction}{section.5.3}% 48
\BOOKMARK [2][-]{subsection.5.3.2}{5.3.2 KMeans Clustering}{section.5.3}% 49
\BOOKMARK [2][-]{subsection.5.3.3}{5.3.3 Find n most representative docs}{section.5.3}% 50
\BOOKMARK [1][-]{section.5.4}{5.4 Topic Modelling}{chapter.5}% 51
\BOOKMARK [2][-]{subsection.5.4.1}{5.4.1 Key decisions}{section.5.4}% 52
\BOOKMARK [2][-]{subsection.5.4.2}{5.4.2 Implementation: LDA}{section.5.4}% 53
\BOOKMARK [2][-]{subsection.5.4.3}{5.4.3 Parameter tuning}{section.5.4}% 54
\BOOKMARK [2][-]{subsection.5.4.4}{5.4.4 Dominant Topic-Article Mapping}{section.5.4}% 55
\BOOKMARK [2][-]{subsection.5.4.5}{5.4.5 Topic Name Inference}{section.5.4}% 56
\BOOKMARK [2][-]{subsection.5.4.6}{5.4.6 Topic Sentiment}{section.5.4}% 57
\BOOKMARK [0][-]{chapter.6}{6 Relation Extraction Engine}{}% 58
\BOOKMARK [1][-]{section.6.1}{6.1 Data Pre-Processing}{chapter.6}% 59
\BOOKMARK [1][-]{section.6.2}{6.2 Motivation}{chapter.6}% 60
\BOOKMARK [2][-]{subsection.6.2.1}{6.2.1 Cooccurence Graph}{section.6.2}% 61
\BOOKMARK [2][-]{subsection.6.2.2}{6.2.2 Semantic Triples}{section.6.2}% 62
\BOOKMARK [1][-]{section.6.3}{6.3 Key decisions}{chapter.6}% 63
\BOOKMARK [2][-]{subsection.6.3.1}{6.3.1 Relation as verb phrases}{section.6.3}% 64
\BOOKMARK [2][-]{subsection.6.3.2}{6.3.2 Subject as entities}{section.6.3}% 65
\BOOKMARK [2][-]{subsection.6.3.3}{6.3.3 Object as noun phrases}{section.6.3}% 66
\BOOKMARK [1][-]{section.6.4}{6.4 Implementation}{chapter.6}% 67
\BOOKMARK [2][-]{subsection.6.4.1}{6.4.1 Extracting Verb Phrases}{section.6.4}% 68
\BOOKMARK [2][-]{subsection.6.4.2}{6.4.2 Extracting Noun Phrases}{section.6.4}% 69
\BOOKMARK [0][-]{chapter.7}{7 Evaluation}{}% 70
\BOOKMARK [1][-]{section.7.1}{7.1 Topic Extraction Engine}{chapter.7}% 71
\BOOKMARK [2][-]{subsection.7.1.1}{7.1.1 Effect of different processing techniques on clustering}{section.7.1}% 72
\BOOKMARK [2][-]{subsection.7.1.2}{7.1.2 Pre-processing: Filtering on POS tags}{section.7.1}% 73
\BOOKMARK [2][-]{subsection.7.1.3}{7.1.3 Effect of different word embedding techniques on clustering}{section.7.1}% 74
\BOOKMARK [2][-]{subsection.7.1.4}{7.1.4 Effect of pre-processing on topic modelling}{section.7.1}% 75
\BOOKMARK [2][-]{subsection.7.1.5}{7.1.5 Effect of POS on topic modelling}{section.7.1}% 76
\BOOKMARK [1][-]{section.7.2}{7.2 Semantic Triple Extraction Engine}{chapter.7}% 77
\BOOKMARK [2][-]{subsection.7.2.1}{7.2.1 Entity as Subjects}{section.7.2}% 78
\BOOKMARK [1][-]{section.7.3}{7.3 Time ?????????}{chapter.7}% 79
\BOOKMARK [1][-]{section.7.4}{7.4 User Evaluation}{chapter.7}% 80
\BOOKMARK [0][-]{chapter.8}{8 Conclusion}{}% 81
\BOOKMARK [1][-]{section.8.1}{8.1 Summary of achievement}{chapter.8}% 82
\BOOKMARK [1][-]{section.8.2}{8.2 Future Work}{chapter.8}% 83
